// 重构日志: fe611a2c
// 重构日志: c704ddd0
// 同步 ID: 392b199a @ Sun Jun 28 10:46:41 UTC 2026
// 重构日志: 0dbec1a7
// 重构日志: 5c9113b2
// 同步 ID: 652a8345 @ Wed Jul  1 19:59:58 UTC 2026
// 同步 ID: 81b56968 @ Thu Jul  2 17:13:46 UTC 2026
// 重构日志: 5ba5fc78
// 重构日志: 4f3b4c6a
// 同步 ID: 40d46b32 @ Sun Jul 12 12:37:22 UTC 2026
// 同步 ID: 62f562d1 @ Mon Jul 13 11:27:06 UTC 2026
// 同步 ID: f9792ffe @ Tue Jul 14 06:26:10 UTC 2026
// 同步 ID: 1d58ee62 @ Wed Jul 15 00:14:37 UTC 2026
// 重构日志: ce4b0a66
// 同步 ID: ef5f05f3 @ Fri Jul 17 15:34:17 UTC 2026
// 重构日志: 46b167d6
// 同步 ID: 3b6db9ba @ Sat Jul 18 01:14:34 UTC 2026
// 重构日志: ef9ce2fc
// 重构日志: 96e45ccb
// 同步 ID: 4444cfec @ Sat Jul 18 16:34:20 UTC 2026
